{"/Users/alvinmutisya/sereact/message-service/src/index.ts": {"path":"/Users/alvinmutisya/sereact/message-service/src/index.ts","statementMap":{"0":{"start":{"line":1,"column":0},"end":{"line":1,"column":71}},"1":{"start":{"line":2,"column":0},"end":{"line":2,"column":59}},"2":{"start":{"line":3,"column":0},"end":{"line":3,"column":44}},"3":{"start":{"line":4,"column":0},"end":{"line":4,"column":38}},"4":{"start":{"line":6,"column":20},"end":{"line":33,"column":2}},"5":{"start":{"line":6,"column":31},"end":{"line":33,"column":2}},"6":{"start":{"line":7,"column":2},"end":{"line":32,"column":3}},"7":{"start":{"line":9,"column":23},"end":{"line":9,"column":47}},"8":{"start":{"line":11,"column":27},"end":{"line":11,"column":57}},"9":{"start":{"line":13,"column":19},"end":{"line":13,"column":47}},"10":{"start":{"line":16,"column":4},"end":{"line":18,"column":7}},"11":{"start":{"line":17,"column":6},"end":{"line":17,"column":64}},"12":{"start":{"line":21,"column":4},"end":{"line":24,"column":7}},"13":{"start":{"line":22,"column":6},"end":{"line":22,"column":45}},"14":{"start":{"line":23,"column":6},"end":{"line":23,"column":22}},"15":{"start":{"line":25,"column":4},"end":{"line":28,"column":7}},"16":{"start":{"line":26,"column":6},"end":{"line":26,"column":40}},"17":{"start":{"line":27,"column":6},"end":{"line":27,"column":22}},"18":{"start":{"line":30,"column":4},"end":{"line":30,"column":55}},"19":{"start":{"line":31,"column":4},"end":{"line":31,"column":20}},"20":{"start":{"line":35,"column":0},"end":{"line":35,"column":14}}},"fnMap":{"0":{"name":"(anonymous_7)","decl":{"start":{"line":6,"column":20},"end":{"line":6,"column":29}},"loc":{"start":{"line":6,"column":31},"end":{"line":33,"column":2}}},"1":{"name":"(anonymous_8)","decl":{"start":{"line":6,"column":31},"end":{"line":6,"column":null}},"loc":{"start":{"line":6,"column":31},"end":{"line":33,"column":1}}},"2":{"name":"(anonymous_9)","decl":{"start":{"line":16,"column":24},"end":{"line":16,"column":27}},"loc":{"start":{"line":16,"column":29},"end":{"line":18,"column":5}}},"3":{"name":"(anonymous_10)","decl":{"start":{"line":21,"column":25},"end":{"line":21,"column":28}},"loc":{"start":{"line":21,"column":30},"end":{"line":24,"column":5}}},"4":{"name":"(anonymous_11)","decl":{"start":{"line":25,"column":26},"end":{"line":25,"column":29}},"loc":{"start":{"line":25,"column":31},"end":{"line":28,"column":5}}}},"branchMap":{},"s":{"0":0,"1":0,"2":0,"3":0,"4":0,"5":0,"6":0,"7":0,"8":0,"9":0,"10":0,"11":0,"12":0,"13":0,"14":0,"15":0,"16":0,"17":0,"18":0,"19":0,"20":0},"f":{"0":0,"1":0,"2":0,"3":0,"4":0},"b":{}}
,"/Users/alvinmutisya/sereact/message-service/src/api/server.ts": {"path":"/Users/alvinmutisya/sereact/message-service/src/api/server.ts","statementMap":{"0":{"start":{"line":1,"column":0},"end":{"line":1,"column":53}},"1":{"start":{"line":2,"column":0},"end":{"line":2,"column":24}},"2":{"start":{"line":3,"column":0},"end":{"line":3,"column":35}},"3":{"start":{"line":4,"column":0},"end":{"line":4,"column":70}},"4":{"start":{"line":5,"column":0},"end":{"line":5,"column":70}},"5":{"start":{"line":7,"column":0},"end":{"line":7,"column":58}},"6":{"start":{"line":8,"column":0},"end":{"line":8,"column":62}},"7":{"start":{"line":9,"column":0},"end":{"line":9,"column":62}},"8":{"start":{"line":12,"column":25},"end":{"line":30,"column":1}},"9":{"start":{"line":13,"column":2},"end":{"line":13,"column":26}},"10":{"start":{"line":14,"column":2},"end":{"line":14,"column":26}},"11":{"start":{"line":16,"column":2},"end":{"line":29,"column":5}},"12":{"start":{"line":17,"column":4},"end":{"line":28,"column":9}},"13":{"start":{"line":19,"column":8},"end":{"line":23,"column":9}},"14":{"start":{"line":20,"column":10},"end":{"line":20,"column":36}},"15":{"start":{"line":22,"column":10},"end":{"line":22,"column":30}},"16":{"start":{"line":26,"column":8},"end":{"line":26,"column":67}},"17":{"start":{"line":27,"column":8},"end":{"line":27,"column":65}},"18":{"start":{"line":33,"column":28},"end":{"line":56,"column":1}},"19":{"start":{"line":37,"column":14},"end":{"line":37,"column":23}},"20":{"start":{"line":38,"column":21},"end":{"line":38,"column":43}},"21":{"start":{"line":41,"column":13},"end":{"line":41,"column":63}},"22":{"start":{"line":44,"column":32},"end":{"line":44,"column":70}},"23":{"start":{"line":47,"column":24},"end":{"line":47,"column":82}},"24":{"start":{"line":50,"column":2},"end":{"line":50,"column":39}},"25":{"start":{"line":53,"column":2},"end":{"line":53,"column":46}},"26":{"start":{"line":55,"column":2},"end":{"line":55,"column":20}},"27":{"start":{"line":33,"column":13},"end":{"line":33,"column":28}}},"fnMap":{"0":{"name":"(anonymous_1)","decl":{"start":{"line":12,"column":25},"end":{"line":12,"column":26}},"loc":{"start":{"line":12,"column":70},"end":{"line":30,"column":1}}},"1":{"name":"(anonymous_2)","decl":{"start":{"line":16,"column":19},"end":{"line":16,"column":20}},"loc":{"start":{"line":16,"column":51},"end":{"line":29,"column":3}}},"2":{"name":"(anonymous_3)","decl":{"start":{"line":18,"column":12},"end":{"line":18,"column":13}},"loc":{"start":{"line":18,"column":32},"end":{"line":24,"column":7}}},"3":{"name":"(anonymous_4)","decl":{"start":{"line":25,"column":13},"end":{"line":25,"column":14}},"loc":{"start":{"line":25,"column":23},"end":{"line":28,"column":7}}},"4":{"name":"(anonymous_5)","decl":{"start":{"line":33,"column":28},"end":{"line":33,"column":null}},"loc":{"start":{"line":36,"column":4},"end":{"line":56,"column":1}}}},"branchMap":{"0":{"loc":{"start":{"line":19,"column":8},"end":{"line":23,"column":9}},"type":"if","locations":[{"start":{"line":19,"column":8},"end":{"line":23,"column":9}},{"start":{"line":21,"column":15},"end":{"line":23,"column":9}}]},"1":{"loc":{"start":{"line":44,"column":32},"end":{"line":44,"column":70}},"type":"binary-expr","locations":[{"start":{"line":44,"column":32},"end":{"line":44,"column":45}},{"start":{"line":44,"column":49},"end":{"line":44,"column":70}}]}},"s":{"0":0,"1":0,"2":0,"3":0,"4":0,"5":0,"6":0,"7":0,"8":0,"9":0,"10":0,"11":0,"12":0,"13":0,"14":0,"15":0,"16":0,"17":0,"18":0,"19":0,"20":0,"21":0,"22":0,"23":0,"24":0,"25":0,"26":0,"27":0},"f":{"0":0,"1":0,"2":0,"3":0,"4":0},"b":{"0":[0,0],"1":[0,0]}}
,"/Users/alvinmutisya/sereact/message-service/src/api/controllers/messageController.ts": {"path":"/Users/alvinmutisya/sereact/message-service/src/api/controllers/messageController.ts","statementMap":{"0":{"start":{"line":1,"column":0},"end":{"line":1,"column":45}},"1":{"start":{"line":5,"column":35},"end":{"line":29,"column":1}},"2":{"start":{"line":9,"column":17},"end":{"line":9,"column":36}},"3":{"start":{"line":11,"column":2},"end":{"line":22,"column":5}},"4":{"start":{"line":12,"column":4},"end":{"line":12,"column":63}},"5":{"start":{"line":13,"column":19},"end":{"line":13,"column":77}},"6":{"start":{"line":14,"column":4},"end":{"line":14,"column":72}},"7":{"start":{"line":17,"column":19},"end":{"line":17,"column":59}},"8":{"start":{"line":18,"column":4},"end":{"line":18,"column":53}},"9":{"start":{"line":19,"column":4},"end":{"line":19,"column":51}},"10":{"start":{"line":21,"column":4},"end":{"line":21,"column":18}},"11":{"start":{"line":24,"column":1},"end":{"line":26,"column":5}},"12":{"start":{"line":25,"column":4},"end":{"line":25,"column":61}},"13":{"start":{"line":28,"column":2},"end":{"line":28,"column":16}},"14":{"start":{"line":5,"column":13},"end":{"line":5,"column":35}}},"fnMap":{"0":{"name":"(anonymous_0)","decl":{"start":{"line":5,"column":35},"end":{"line":5,"column":null}},"loc":{"start":{"line":8,"column":19},"end":{"line":29,"column":1}}},"1":{"name":"(anonymous_1)","decl":{"start":{"line":11,"column":34},"end":{"line":11,"column":35}},"loc":{"start":{"line":11,"column":73},"end":{"line":22,"column":3}}},"2":{"name":"(anonymous_2)","decl":{"start":{"line":24,"column":33},"end":{"line":24,"column":34}},"loc":{"start":{"line":24,"column":63},"end":{"line":26,"column":3}}}},"branchMap":{},"s":{"0":0,"1":0,"2":0,"3":0,"4":0,"5":0,"6":0,"7":0,"8":0,"9":0,"10":0,"11":0,"12":0,"13":0,"14":0},"f":{"0":0,"1":0,"2":0},"b":{}}
,"/Users/alvinmutisya/sereact/message-service/src/api/controllers/socketController.ts": {"path":"/Users/alvinmutisya/sereact/message-service/src/api/controllers/socketController.ts","statementMap":{"0":{"start":{"line":3,"column":36},"end":{"line":9,"column":1}},"1":{"start":{"line":4,"column":13},"end":{"line":4,"column":40}},"2":{"start":{"line":6,"column":2},"end":{"line":8,"column":5}},"3":{"start":{"line":7,"column":4},"end":{"line":7,"column":43}},"4":{"start":{"line":3,"column":13},"end":{"line":3,"column":36}}},"fnMap":{"0":{"name":"(anonymous_0)","decl":{"start":{"line":3,"column":36},"end":{"line":3,"column":37}},"loc":{"start":{"line":3,"column":69},"end":{"line":9,"column":1}}},"1":{"name":"(anonymous_1)","decl":{"start":{"line":6,"column":22},"end":{"line":6,"column":23}},"loc":{"start":{"line":6,"column":33},"end":{"line":8,"column":3}}}},"branchMap":{},"s":{"0":0,"1":0,"2":0,"3":0,"4":0},"f":{"0":0,"1":0},"b":{}}
,"/Users/alvinmutisya/sereact/message-service/src/config/index.ts": {"path":"/Users/alvinmutisya/sereact/message-service/src/config/index.ts","statementMap":{"0":{"start":{"line":1,"column":0},"end":{"line":1,"column":28}},"1":{"start":{"line":3,"column":0},"end":{"line":3,"column":16}},"2":{"start":{"line":5,"column":13},"end":{"line":5,"column":45}},"3":{"start":{"line":6,"column":13},"end":{"line":6,"column":59}}},"fnMap":{},"branchMap":{"0":{"loc":{"start":{"line":5,"column":20},"end":{"line":5,"column":44}},"type":"binary-expr","locations":[{"start":{"line":5,"column":20},"end":{"line":5,"column":36}},{"start":{"line":5,"column":40},"end":{"line":5,"column":44}}]},"1":{"loc":{"start":{"line":6,"column":20},"end":{"line":6,"column":58}},"type":"binary-expr","locations":[{"start":{"line":6,"column":20},"end":{"line":6,"column":36}},{"start":{"line":6,"column":40},"end":{"line":6,"column":58}}]}},"s":{"0":0,"1":0,"2":0,"3":0},"f":{},"b":{"0":[0,0],"1":[0,0]}}
,"/Users/alvinmutisya/sereact/message-service/src/config/socketCorsConfig.ts": {"path":"/Users/alvinmutisya/sereact/message-service/src/config/socketCorsConfig.ts","statementMap":{"0":{"start":{"line":1,"column":13},"end":{"line":5,"column":2}}},"fnMap":{},"branchMap":{},"s":{"0":0},"f":{},"b":{}}
,"/Users/alvinmutisya/sereact/message-service/src/middleware/corsMiddleware.ts": {"path":"/Users/alvinmutisya/sereact/message-service/src/middleware/corsMiddleware.ts","statementMap":{"0":{"start":{"line":1,"column":0},"end":{"line":1,"column":24}},"1":{"start":{"line":3,"column":13},"end":{"line":7,"column":3}}},"fnMap":{},"branchMap":{},"s":{"0":0,"1":0},"f":{},"b":{}}
,"/Users/alvinmutisya/sereact/message-service/src/repositories/inMemoryRepository.ts": {"path":"/Users/alvinmutisya/sereact/message-service/src/repositories/inMemoryRepository.ts","statementMap":{"0":{"start":{"line":6,"column":10},"end":{"line":6,"column":70}},"1":{"start":{"line":9,"column":31},"end":{"line":9,"column":38}},"2":{"start":{"line":12,"column":4},"end":{"line":14,"column":5}},"3":{"start":{"line":13,"column":6},"end":{"line":13,"column":46}},"4":{"start":{"line":17,"column":4},"end":{"line":17,"column":53}},"5":{"start":{"line":22,"column":4},"end":{"line":22,"column":52}},"6":{"start":{"line":4,"column":0},"end":{"line":4,"column":13}}},"fnMap":{"0":{"name":"(anonymous_0)","decl":{"start":{"line":4,"column":0},"end":{"line":4,"column":13}},"loc":{"start":{"line":4,"column":0},"end":{"line":24,"column":1}}},"1":{"name":"(anonymous_1)","decl":{"start":{"line":8,"column":2},"end":{"line":8,"column":13}},"loc":{"start":{"line":8,"column":30},"end":{"line":18,"column":3}}},"2":{"name":"(anonymous_2)","decl":{"start":{"line":20,"column":2},"end":{"line":20,"column":29}},"loc":{"start":{"line":20,"column":52},"end":{"line":23,"column":3}}}},"branchMap":{"0":{"loc":{"start":{"line":12,"column":4},"end":{"line":14,"column":5}},"type":"if","locations":[{"start":{"line":12,"column":4},"end":{"line":14,"column":5}}]},"1":{"loc":{"start":{"line":22,"column":11},"end":{"line":22,"column":51}},"type":"binary-expr","locations":[{"start":{"line":22,"column":11},"end":{"line":22,"column":45}},{"start":{"line":22,"column":49},"end":{"line":22,"column":51}}]}},"s":{"0":0,"1":0,"2":0,"3":0,"4":0,"5":0,"6":0},"f":{"0":0,"1":0,"2":0},"b":{"0":[0],"1":[0,0]}}
,"/Users/alvinmutisya/sereact/message-service/src/services/messageService.ts": {"path":"/Users/alvinmutisya/sereact/message-service/src/services/messageService.ts","statementMap":{"0":{"start":{"line":3,"column":0},"end":{"line":3,"column":34}},"1":{"start":{"line":6,"column":22},"end":{"line":6,"column":48}},"2":{"start":{"line":10,"column":4},"end":{"line":10,"column":52}},"3":{"start":{"line":15,"column":27},"end":{"line":15,"column":77}},"4":{"start":{"line":17,"column":29},"end":{"line":24,"column":6}},"5":{"start":{"line":27,"column":4},"end":{"line":27,"column":41}},"6":{"start":{"line":30,"column":4},"end":{"line":30,"column":19}},"7":{"start":{"line":35,"column":27},"end":{"line":35,"column":77}},"8":{"start":{"line":38,"column":4},"end":{"line":38,"column":71}},"9":{"start":{"line":5,"column":0},"end":{"line":5,"column":13}}},"fnMap":{"0":{"name":"(anonymous_0)","decl":{"start":{"line":6,"column":2},"end":{"line":6,"column":22}},"loc":{"start":{"line":6,"column":48},"end":{"line":6,"column":52}}},"1":{"name":"(anonymous_1)","decl":{"start":{"line":9,"column":10},"end":{"line":9,"column":32}},"loc":{"start":{"line":9,"column":70},"end":{"line":11,"column":3}}},"2":{"name":"(anonymous_2)","decl":{"start":{"line":13,"column":2},"end":{"line":13,"column":13}},"loc":{"start":{"line":13,"column":68},"end":{"line":31,"column":3}}},"3":{"name":"(anonymous_3)","decl":{"start":{"line":33,"column":2},"end":{"line":33,"column":13}},"loc":{"start":{"line":33,"column":51},"end":{"line":39,"column":3}}}},"branchMap":{},"s":{"0":1,"1":4,"2":0,"3":0,"4":0,"5":0,"6":0,"7":0,"8":0,"9":1},"f":{"0":4,"1":0,"2":0,"3":0},"b":{}}
,"/Users/alvinmutisya/sereact/message-service/src/services/socketService.ts": {"path":"/Users/alvinmutisya/sereact/message-service/src/services/socketService.ts","statementMap":{"0":{"start":{"line":7,"column":4},"end":{"line":7,"column":17}},"1":{"start":{"line":11,"column":4},"end":{"line":11,"column":59}},"2":{"start":{"line":12,"column":4},"end":{"line":12,"column":51}},"3":{"start":{"line":16,"column":4},"end":{"line":16,"column":48}},"4":{"start":{"line":19,"column":4},"end":{"line":22,"column":7}},"5":{"start":{"line":20,"column":6},"end":{"line":20,"column":26}},"6":{"start":{"line":21,"column":6},"end":{"line":21,"column":57}},"7":{"start":{"line":25,"column":4},"end":{"line":27,"column":7}},"8":{"start":{"line":26,"column":6},"end":{"line":26,"column":54}},"9":{"start":{"line":30,"column":4},"end":{"line":32,"column":7}},"10":{"start":{"line":31,"column":6},"end":{"line":31,"column":53}},"11":{"start":{"line":37,"column":4},"end":{"line":37,"column":19}},"12":{"start":{"line":3,"column":0},"end":{"line":3,"column":13}}},"fnMap":{"0":{"name":"(anonymous_0)","decl":{"start":{"line":6,"column":2},"end":{"line":6,"column":14}},"loc":{"start":{"line":6,"column":24},"end":{"line":8,"column":3}}},"1":{"name":"(anonymous_1)","decl":{"start":{"line":10,"column":2},"end":{"line":10,"column":18}},"loc":{"start":{"line":10,"column":47},"end":{"line":13,"column":3}}},"2":{"name":"(anonymous_2)","decl":{"start":{"line":15,"column":2},"end":{"line":15,"column":18}},"loc":{"start":{"line":15,"column":33},"end":{"line":33,"column":3}}},"3":{"name":"(anonymous_3)","decl":{"start":{"line":19,"column":26},"end":{"line":19,"column":27}},"loc":{"start":{"line":19,"column":45},"end":{"line":22,"column":5}}},"4":{"name":"(anonymous_4)","decl":{"start":{"line":25,"column":24},"end":{"line":25,"column":25}},"loc":{"start":{"line":25,"column":43},"end":{"line":27,"column":5}}},"5":{"name":"(anonymous_5)","decl":{"start":{"line":30,"column":28},"end":{"line":30,"column":31}},"loc":{"start":{"line":30,"column":33},"end":{"line":32,"column":5}}},"6":{"name":"(anonymous_6)","decl":{"start":{"line":36,"column":2},"end":{"line":36,"column":13}},"loc":{"start":{"line":36,"column":13},"end":{"line":38,"column":3}}}},"branchMap":{},"s":{"0":0,"1":0,"2":0,"3":0,"4":0,"5":0,"6":0,"7":0,"8":0,"9":0,"10":0,"11":0,"12":0},"f":{"0":0,"1":0,"2":0,"3":0,"4":0,"5":0,"6":0},"b":{}}
,"/Users/alvinmutisya/sereact/message-service/src/utils/loadJsonData.ts": {"path":"/Users/alvinmutisya/sereact/message-service/src/utils/loadJsonData.ts","statementMap":{"0":{"start":{"line":9,"column":0},"end":{"line":9,"column":16}},"1":{"start":{"line":1,"column":0},"end":{"line":1,"column":25}},"2":{"start":{"line":2,"column":0},"end":{"line":2,"column":29}},"3":{"start":{"line":10,"column":19},"end":{"line":10,"column":82}},"4":{"start":{"line":12,"column":2},"end":{"line":18,"column":3}},"5":{"start":{"line":13,"column":17},"end":{"line":13,"column":50}},"6":{"start":{"line":14,"column":4},"end":{"line":14,"column":28}},"7":{"start":{"line":16,"column":4},"end":{"line":16,"column":70}},"8":{"start":{"line":17,"column":4},"end":{"line":17,"column":49}}},"fnMap":{"0":{"name":"loadJsonData","decl":{"start":{"line":9,"column":16},"end":{"line":9,"column":28}},"loc":{"start":{"line":9,"column":45},"end":{"line":19,"column":1}}}},"branchMap":{},"s":{"0":1,"1":1,"2":1,"3":4,"4":4,"5":4,"6":4,"7":0,"8":0},"f":{"0":4},"b":{}}
,"/Users/alvinmutisya/sereact/message-service/src/utils/messageParser.ts": {"path":"/Users/alvinmutisya/sereact/message-service/src/utils/messageParser.ts","statementMap":{"0":{"start":{"line":16,"column":0},"end":{"line":16,"column":16}},"1":{"start":{"line":31,"column":0},"end":{"line":31,"column":16}},"2":{"start":{"line":5,"column":2},"end":{"line":12,"column":4}},"3":{"start":{"line":17,"column":2},"end":{"line":19,"column":3}},"4":{"start":{"line":18,"column":4},"end":{"line":18,"column":77}},"5":{"start":{"line":20,"column":2},"end":{"line":27,"column":4}},"6":{"start":{"line":32,"column":2},"end":{"line":32,"column":53}},"7":{"start":{"line":32,"column":34},"end":{"line":32,"column":51}}},"fnMap":{"0":{"name":"isValidMessage","decl":{"start":{"line":4,"column":9},"end":{"line":4,"column":23}},"loc":{"start":{"line":4,"column":39},"end":{"line":13,"column":1}}},"1":{"name":"parseMessage","decl":{"start":{"line":16,"column":16},"end":{"line":16,"column":28}},"loc":{"start":{"line":16,"column":44},"end":{"line":28,"column":1}}},"2":{"name":"parseMessages","decl":{"start":{"line":31,"column":16},"end":{"line":31,"column":29}},"loc":{"start":{"line":31,"column":48},"end":{"line":33,"column":1}}},"3":{"name":"(anonymous_3)","decl":{"start":{"line":32,"column":25},"end":{"line":32,"column":26}},"loc":{"start":{"line":32,"column":34},"end":{"line":32,"column":51}}}},"branchMap":{"0":{"loc":{"start":{"line":6,"column":4},"end":{"line":11,"column":44}},"type":"binary-expr","locations":[{"start":{"line":6,"column":4},"end":{"line":6,"column":37}},{"start":{"line":7,"column":4},"end":{"line":7,"column":43}},{"start":{"line":8,"column":4},"end":{"line":8,"column":46}},{"start":{"line":9,"column":4},"end":{"line":9,"column":42}},{"start":{"line":10,"column":4},"end":{"line":10,"column":49}},{"start":{"line":11,"column":4},"end":{"line":11,"column":44}}]},"1":{"loc":{"start":{"line":17,"column":2},"end":{"line":19,"column":3}},"type":"if","locations":[{"start":{"line":17,"column":2},"end":{"line":19,"column":3}}]}},"s":{"0":1,"1":1,"2":6,"3":6,"4":0,"5":6,"6":2,"7":4},"f":{"0":6,"1":6,"2":2,"3":4},"b":{"0":[6,6,6,6,6,6],"1":[0]}}
}
